2024-03-18 22:00:36,881 - ERROR - Ошибка!: unable to open database file
2024-03-18 22:01:45,406 - INFO - Вы успешно авторизовались под своим аккаунтом

2024-03-18 22:07:11,116 - ERROR - Ошибка!: Cannot send requests while disconnected
2024-03-18 22:07:50,019 - INFO - Вы успешно авторизовались под своим аккаунтом

2024-03-18 22:15:02,750 - INFO - Вы успешно авторизовались под своим аккаунтом
2024-03-18 22:15:02,751 - ERROR - Ошибка!: 'Send' object has no attribute 'client'
2024-03-18 22:16:54,785 - ERROR - Ошибка!: TelegramBaseClient.__init__() missing 2 required positional arguments: 'api_id' and 'api_hash'
2024-03-18 22:16:54,785 - ERROR - Ошибка!: 'Send' object has no attribute 'client'
2024-03-18 22:18:06,885 - INFO - Вы успешно авторизовались под своим аккаунтом
2024-03-18 22:23:05,093 - INFO - Вы успешно авторизовались под своим аккаунтом
2024-03-18 22:23:05,240 - ERROR - Ошибка при работе с группой, продолжаем: You can't write in this chat (caused by SendMessageRequest)
2024-03-18 22:23:05,396 - ERROR - Ошибка при работе с группой, продолжаем: You can't write in this chat (caused by SendMessageRequest)
2024-03-18 22:23:05,548 - ERROR - Ошибка при работе с группой, продолжаем: You can't write in this chat (caused by SendMessageRequest)
2024-03-18 22:23:05,549 - INFO - Рассылка завершена
Всего отправлено сообщений: 0
2024-03-18 22:24:47,131 - INFO - Вы успешно авторизовались под своим аккаунтом
2024-03-18 22:24:47,371 - ERROR - [@LV_TOP] Ошибка при работе с группой, продолжаем: You can't write in this chat (caused by SendMessageRequest)
2024-03-18 22:24:47,532 - ERROR - [@LVPIRKULV] Ошибка при работе с группой, продолжаем: You can't write in this chat (caused by SendMessageRequest)
2024-03-18 22:24:47,725 - ERROR - [@VIPSHOPRIGA] Ошибка при работе с группой, продолжаем: You can't write in this chat (caused by SendMessageRequest)
2024-03-18 22:24:47,970 - ERROR - [https://t.me/grazhdanstvo_eunion] Ошибка при работе с группой, продолжаем: You can't write in this chat (caused by SendMessageRequest)
2024-03-18 22:24:47,970 - INFO - Рассылка завершена
Всего отправлено сообщений: 0
2024-03-18 22:27:49,774 - INFO - Вы успешно авторизовались под своим аккаунтом
2024-03-18 22:27:49,912 - INFO - Вступили в группу: @LV_TOP
2024-03-18 22:27:54,175 - ERROR - Ошибка!: 'int' object has no attribute 'get'
2024-03-18 22:29:59,658 - INFO - Вы успешно авторизовались под своим аккаунтом
2024-03-18 22:29:59,789 - INFO - Вступили в группу: @LV_TOP
2024-03-18 22:30:01,866 - INFO - Попали в лимит спим 770 секунд : A wait of 770 seconds is required before sending another message in this chat (caused by SendMessageRequest)
2024-03-18 22:37:22,351 - ERROR - Ошибка! В папке больше одного файла
2024-03-18 22:38:10,355 - INFO - Вы успешно авторизовались под своим аккаунтом
2024-03-19 23:10:53,518 - ERROR - Ошибка!: invalid literal for int() with base 10: 'ваш апи айди'
2024-03-19 23:10:53,518 - ERROR - [@LV_TOP] Ошибка при работе с группой, продолжаем: 'Send' object has no attribute 'client'
2024-03-19 23:10:53,518 - INFO - Рассылка завершена
Всего отправлено сообщений: 0
2024-03-19 23:10:53,518 - ERROR - Ошибка!: 'Send' object has no attribute 'client'
2024-03-19 23:11:14,122 - ERROR - Ошибка!: invalid literal for int() with base 10: 'ваш апи айди'
2024-03-19 23:11:14,123 - ERROR - [@LV_TOP] Ошибка при работе с группой, продолжаем: 'Send' object has no attribute 'client'
2024-03-19 23:11:14,123 - INFO - Рассылка завершена
Всего отправлено сообщений: 0
2024-03-19 23:11:14,123 - ERROR - Ошибка!: 'Send' object has no attribute 'client'
